[0.014s] Invoking command in '/home/lenovo/temp_ws/build/moveit_resources_panda_description': CMAKE_PREFIX_PATH=${CMAKE_PREFIX_PATH}:/opt/ros/humble /usr/bin/cmake /home/lenovo/temp_ws/src/moveit_resources_panda_description -DCMAKE_INSTALL_PREFIX=/home/lenovo/temp_ws/install/moveit_resources_panda_description
[0.038s] -- Found ament_cmake: 1.3.11 (/opt/ros/humble/share/ament_cmake/cmake)
[0.166s] -- Override CMake install command with custom implementation using symlinks instead of copying resources
[0.183s] -- Found rclcpp: 16.0.12 (/opt/ros/humble/share/rclcpp/cmake)
[0.228s] -- Found rosidl_generator_c: 3.1.6 (/opt/ros/humble/share/rosidl_generator_c/cmake)
[0.232s] -- Found rosidl_adapter: 3.1.6 (/opt/ros/humble/share/rosidl_adapter/cmake)
[0.242s] -- Found rosidl_generator_cpp: 3.1.6 (/opt/ros/humble/share/rosidl_generator_cpp/cmake)
[0.256s] -- Using all available rosidl_typesupport_c: rosidl_typesupport_fastrtps_c;rosidl_typesupport_introspection_c
[0.275s] -- Using all available rosidl_typesupport_cpp: rosidl_typesupport_fastrtps_cpp;rosidl_typesupport_introspection_cpp
[0.334s] -- Found rmw_implementation_cmake: 6.1.2 (/opt/ros/humble/share/rmw_implementation_cmake/cmake)
[0.337s] -- Found rmw_fastrtps_cpp: 6.2.7 (/opt/ros/humble/share/rmw_fastrtps_cpp/cmake)
[0.487s] -- Using RMW implementation 'rmw_fastrtps_cpp' as default
[0.566s] -- Found trajectory_msgs: 4.9.0 (/opt/ros/humble/share/trajectory_msgs/cmake)
[0.702s] -- Configuring done
[0.710s] -- Generating done
[0.713s] -- Build files have been written to: /home/lenovo/temp_ws/build/moveit_resources_panda_description
[0.721s] Invoked command in '/home/lenovo/temp_ws/build/moveit_resources_panda_description' returned '0': CMAKE_PREFIX_PATH=${CMAKE_PREFIX_PATH}:/opt/ros/humble /usr/bin/cmake /home/lenovo/temp_ws/src/moveit_resources_panda_description -DCMAKE_INSTALL_PREFIX=/home/lenovo/temp_ws/install/moveit_resources_panda_description
[0.724s] Invoking command in '/home/lenovo/temp_ws/build/moveit_resources_panda_description': CMAKE_PREFIX_PATH=${CMAKE_PREFIX_PATH}:/opt/ros/humble /usr/bin/cmake --build /home/lenovo/temp_ws/build/moveit_resources_panda_description -- -j12 -l12
[0.776s] Invoked command in '/home/lenovo/temp_ws/build/moveit_resources_panda_description' returned '0': CMAKE_PREFIX_PATH=${CMAKE_PREFIX_PATH}:/opt/ros/humble /usr/bin/cmake --build /home/lenovo/temp_ws/build/moveit_resources_panda_description -- -j12 -l12
[0.787s] Invoking command in '/home/lenovo/temp_ws/build/moveit_resources_panda_description': CMAKE_PREFIX_PATH=${CMAKE_PREFIX_PATH}:/opt/ros/humble /usr/bin/cmake --install /home/lenovo/temp_ws/build/moveit_resources_panda_description
[0.796s] -- Install configuration: ""
[0.796s] -- Execute custom install script
[0.797s] -- Symlinking: /home/lenovo/temp_ws/install/moveit_resources_panda_description/share/moveit_resources_panda_description/environment/ament_prefix_path.dsv
[0.808s] -- Symlinking: /home/lenovo/temp_ws/install/moveit_resources_panda_description/share/moveit_resources_panda_description/environment/ament_prefix_path.sh
[0.818s] -- Symlinking: /home/lenovo/temp_ws/install/moveit_resources_panda_description/share/moveit_resources_panda_description/environment/path.dsv
[0.830s] -- Symlinking: /home/lenovo/temp_ws/install/moveit_resources_panda_description/share/moveit_resources_panda_description/environment/path.sh
[0.841s] -- Symlinking: /home/lenovo/temp_ws/install/moveit_resources_panda_description/share/moveit_resources_panda_description/cmake/moveit_resources_panda_descriptionConfig-version.cmake
[0.852s] -- Symlinking: /home/lenovo/temp_ws/install/moveit_resources_panda_description/share/moveit_resources_panda_description/cmake/moveit_resources_panda_descriptionConfig.cmake
[0.862s] -- Up-to-date symlink: /home/lenovo/temp_ws/install/moveit_resources_panda_description/share/moveit_resources_panda_description/urdf/panda.urdf
[0.863s] -- Up-to-date symlink: /home/lenovo/temp_ws/install/moveit_resources_panda_description/share/moveit_resources_panda_description/meshes/collision/finger.stl
[0.863s] -- Up-to-date symlink: /home/lenovo/temp_ws/install/moveit_resources_panda_description/share/moveit_resources_panda_description/meshes/collision/hand.stl
[0.863s] -- Up-to-date symlink: /home/lenovo/temp_ws/install/moveit_resources_panda_description/share/moveit_resources_panda_description/meshes/collision/link0.stl
[0.864s] -- Up-to-date symlink: /home/lenovo/temp_ws/install/moveit_resources_panda_description/share/moveit_resources_panda_description/meshes/collision/link1.stl
[0.864s] -- Up-to-date symlink: /home/lenovo/temp_ws/install/moveit_resources_panda_description/share/moveit_resources_panda_description/meshes/collision/link2.stl
[0.864s] -- Up-to-date symlink: /home/lenovo/temp_ws/install/moveit_resources_panda_description/share/moveit_resources_panda_description/meshes/collision/link3.stl
[0.864s] -- Up-to-date symlink: /home/lenovo/temp_ws/install/moveit_resources_panda_description/share/moveit_resources_panda_description/meshes/collision/link4.stl
[0.864s] -- Up-to-date symlink: /home/lenovo/temp_ws/install/moveit_resources_panda_description/share/moveit_resources_panda_description/meshes/collision/link5.stl
[0.864s] -- Up-to-date symlink: /home/lenovo/temp_ws/install/moveit_resources_panda_description/share/moveit_resources_panda_description/meshes/collision/link6.stl
[0.865s] -- Up-to-date symlink: /home/lenovo/temp_ws/install/moveit_resources_panda_description/share/moveit_resources_panda_description/meshes/collision/link7.stl
[0.865s] -- Up-to-date symlink: /home/lenovo/temp_ws/install/moveit_resources_panda_description/share/moveit_resources_panda_description/meshes/visual/finger.dae
[0.865s] -- Up-to-date symlink: /home/lenovo/temp_ws/install/moveit_resources_panda_description/share/moveit_resources_panda_description/meshes/visual/hand.dae
[0.865s] -- Up-to-date symlink: /home/lenovo/temp_ws/install/moveit_resources_panda_description/share/moveit_resources_panda_description/meshes/visual/link0.dae
[0.865s] -- Up-to-date symlink: /home/lenovo/temp_ws/install/moveit_resources_panda_description/share/moveit_resources_panda_description/meshes/visual/link1.dae
[0.865s] -- Up-to-date symlink: /home/lenovo/temp_ws/install/moveit_resources_panda_description/share/moveit_resources_panda_description/meshes/visual/link2.dae
[0.865s] -- Up-to-date symlink: /home/lenovo/temp_ws/install/moveit_resources_panda_description/share/moveit_resources_panda_description/meshes/visual/link3.dae
[0.865s] -- Up-to-date symlink: /home/lenovo/temp_ws/install/moveit_resources_panda_description/share/moveit_resources_panda_description/meshes/visual/link4.dae
[0.865s] -- Up-to-date symlink: /home/lenovo/temp_ws/install/moveit_resources_panda_description/share/moveit_resources_panda_description/meshes/visual/link5.dae
[0.866s] -- Up-to-date symlink: /home/lenovo/temp_ws/install/moveit_resources_panda_description/share/moveit_resources_panda_description/meshes/visual/link6.dae
[0.866s] -- Up-to-date symlink: /home/lenovo/temp_ws/install/moveit_resources_panda_description/share/moveit_resources_panda_description/meshes/visual/link7.dae
[0.866s] -- Up-to-date symlink: /home/lenovo/temp_ws/install/moveit_resources_panda_description/share/ament_index/resource_index/package_run_dependencies/moveit_resources_panda_description
[0.866s] -- Up-to-date symlink: /home/lenovo/temp_ws/install/moveit_resources_panda_description/share/ament_index/resource_index/parent_prefix_path/moveit_resources_panda_description
[0.866s] -- Symlinking: /home/lenovo/temp_ws/install/moveit_resources_panda_description/share/moveit_resources_panda_description/environment/ament_prefix_path.sh
[0.877s] -- Symlinking: /home/lenovo/temp_ws/install/moveit_resources_panda_description/share/moveit_resources_panda_description/environment/ament_prefix_path.dsv
[0.888s] -- Symlinking: /home/lenovo/temp_ws/install/moveit_resources_panda_description/share/moveit_resources_panda_description/environment/path.sh
[0.900s] -- Symlinking: /home/lenovo/temp_ws/install/moveit_resources_panda_description/share/moveit_resources_panda_description/environment/path.dsv
[0.910s] -- Up-to-date symlink: /home/lenovo/temp_ws/install/moveit_resources_panda_description/share/moveit_resources_panda_description/local_setup.bash
[0.910s] -- Up-to-date symlink: /home/lenovo/temp_ws/install/moveit_resources_panda_description/share/moveit_resources_panda_description/local_setup.sh
[0.910s] -- Up-to-date symlink: /home/lenovo/temp_ws/install/moveit_resources_panda_description/share/moveit_resources_panda_description/local_setup.zsh
[0.911s] -- Up-to-date symlink: /home/lenovo/temp_ws/install/moveit_resources_panda_description/share/moveit_resources_panda_description/local_setup.dsv
[0.911s] -- Symlinking: /home/lenovo/temp_ws/install/moveit_resources_panda_description/share/moveit_resources_panda_description/package.dsv
[0.922s] -- Up-to-date symlink: /home/lenovo/temp_ws/install/moveit_resources_panda_description/share/ament_index/resource_index/packages/moveit_resources_panda_description
[0.922s] -- Symlinking: /home/lenovo/temp_ws/install/moveit_resources_panda_description/share/moveit_resources_panda_description/cmake/moveit_resources_panda_descriptionConfig.cmake
[0.933s] -- Symlinking: /home/lenovo/temp_ws/install/moveit_resources_panda_description/share/moveit_resources_panda_description/cmake/moveit_resources_panda_descriptionConfig-version.cmake
[0.943s] -- Up-to-date symlink: /home/lenovo/temp_ws/install/moveit_resources_panda_description/share/moveit_resources_panda_description/package.xml
[0.945s] Invoked command in '/home/lenovo/temp_ws/build/moveit_resources_panda_description' returned '0': CMAKE_PREFIX_PATH=${CMAKE_PREFIX_PATH}:/opt/ros/humble /usr/bin/cmake --install /home/lenovo/temp_ws/build/moveit_resources_panda_description
