[0.021s] Invoking command in '/home/lenovo/temp_ws/build/moveit_resources_panda_moveit_config': CMAKE_PREFIX_PATH=/home/lenovo/temp_ws/install/moveit_resources_panda_description:/home/lenovo/temp_ws/install/moveit_resources_panda_moveit_config:/home/lenovo/ultramotive_ws/install/cobot2_new:/home/lenovo/ultramotive_ws/install/cobot_trial2_description:/opt/ros/humble /usr/bin/cmake --build /home/lenovo/temp_ws/build/moveit_resources_panda_moveit_config -- -j12 -l12
[0.067s] -- Found ament_cmake: 1.3.12 (/opt/ros/humble/share/ament_cmake/cmake)
[0.265s] -- Override CMake install command with custom implementation using symlinks instead of copying resources
[0.283s] -- Found rclcpp: 16.0.14 (/opt/ros/humble/share/rclcpp/cmake)
[0.339s] -- Found rosidl_generator_c: 3.1.7 (/opt/ros/humble/share/rosidl_generator_c/cmake)
[0.342s] -- Found rosidl_adapter: 3.1.7 (/opt/ros/humble/share/rosidl_adapter/cmake)
[0.351s] -- Found rosidl_generator_cpp: 3.1.7 (/opt/ros/humble/share/rosidl_generator_cpp/cmake)
[0.366s] -- Using all available rosidl_typesupport_c: rosidl_typesupport_fastrtps_c;rosidl_typesupport_introspection_c
[0.384s] -- Using all available rosidl_typesupport_cpp: rosidl_typesupport_fastrtps_cpp;rosidl_typesupport_introspection_cpp
[0.433s] -- Found rmw_implementation_cmake: 6.1.2 (/opt/ros/humble/share/rmw_implementation_cmake/cmake)
[0.434s] -- Found rmw_fastrtps_cpp: 6.2.8 (/opt/ros/humble/share/rmw_fastrtps_cpp/cmake)
[0.623s] -- Using RMW implementation 'rmw_fastrtps_cpp' as default
[0.699s] -- Found sensor_msgs: 4.9.0 (/opt/ros/humble/share/sensor_msgs/cmake)
[0.743s] -- Found trajectory_msgs: 4.9.0 (/opt/ros/humble/share/trajectory_msgs/cmake)
[0.876s] -- Configuring done
[0.900s] -- Generating done
[0.910s] -- Build files have been written to: /home/lenovo/temp_ws/build/moveit_resources_panda_moveit_config
[0.963s] [35m[1mConsolidate compiler generated dependencies of target panda_ik_node_cpp[0m
[0.964s] [35m[1mConsolidate compiler generated dependencies of target panda_ik_node[0m
[0.997s] [ 50%] Built target panda_ik_node
[1.005s] [ 75%] [32mBuilding CXX object CMakeFiles/panda_ik_node_cpp.dir/scripts/panda_ik_node_cpp.cpp.o[0m
[19.962s] [100%] [32m[1mLinking CXX executable panda_ik_node_cpp[0m
[20.869s] [100%] Built target panda_ik_node_cpp
[20.884s] Invoked command in '/home/lenovo/temp_ws/build/moveit_resources_panda_moveit_config' returned '0': CMAKE_PREFIX_PATH=/home/lenovo/temp_ws/install/moveit_resources_panda_description:/home/lenovo/temp_ws/install/moveit_resources_panda_moveit_config:/home/lenovo/ultramotive_ws/install/cobot2_new:/home/lenovo/ultramotive_ws/install/cobot_trial2_description:/opt/ros/humble /usr/bin/cmake --build /home/lenovo/temp_ws/build/moveit_resources_panda_moveit_config -- -j12 -l12
[20.886s] Invoking command in '/home/lenovo/temp_ws/build/moveit_resources_panda_moveit_config': CMAKE_PREFIX_PATH=/home/lenovo/temp_ws/install/moveit_resources_panda_description:/home/lenovo/temp_ws/install/moveit_resources_panda_moveit_config:/home/lenovo/ultramotive_ws/install/cobot2_new:/home/lenovo/ultramotive_ws/install/cobot_trial2_description:/opt/ros/humble /usr/bin/cmake --install /home/lenovo/temp_ws/build/moveit_resources_panda_moveit_config
[20.893s] -- Install configuration: ""
[20.893s] -- Execute custom install script
[20.894s] -- Up-to-date symlink: /home/lenovo/temp_ws/install/moveit_resources_panda_moveit_config/share/ament_index/resource_index/package_run_dependencies/moveit_resources_panda_moveit_config
[20.894s] -- Up-to-date symlink: /home/lenovo/temp_ws/install/moveit_resources_panda_moveit_config/share/ament_index/resource_index/parent_prefix_path/moveit_resources_panda_moveit_config
[20.894s] -- Up-to-date symlink: /home/lenovo/temp_ws/install/moveit_resources_panda_moveit_config/share/moveit_resources_panda_moveit_config/environment/ament_prefix_path.sh
[20.895s] -- Up-to-date symlink: /home/lenovo/temp_ws/install/moveit_resources_panda_moveit_config/share/moveit_resources_panda_moveit_config/environment/ament_prefix_path.dsv
[20.895s] -- Up-to-date symlink: /home/lenovo/temp_ws/install/moveit_resources_panda_moveit_config/share/moveit_resources_panda_moveit_config/environment/path.sh
[20.895s] -- Up-to-date symlink: /home/lenovo/temp_ws/install/moveit_resources_panda_moveit_config/share/moveit_resources_panda_moveit_config/environment/path.dsv
[20.895s] -- Up-to-date symlink: /home/lenovo/temp_ws/install/moveit_resources_panda_moveit_config/share/moveit_resources_panda_moveit_config/local_setup.bash
[20.895s] -- Up-to-date symlink: /home/lenovo/temp_ws/install/moveit_resources_panda_moveit_config/share/moveit_resources_panda_moveit_config/local_setup.sh
[20.896s] -- Up-to-date symlink: /home/lenovo/temp_ws/install/moveit_resources_panda_moveit_config/share/moveit_resources_panda_moveit_config/local_setup.zsh
[20.896s] -- Up-to-date symlink: /home/lenovo/temp_ws/install/moveit_resources_panda_moveit_config/share/moveit_resources_panda_moveit_config/local_setup.dsv
[20.896s] -- Symlinking: /home/lenovo/temp_ws/install/moveit_resources_panda_moveit_config/share/moveit_resources_panda_moveit_config/package.dsv
[20.908s] -- Up-to-date symlink: /home/lenovo/temp_ws/install/moveit_resources_panda_moveit_config/share/ament_index/resource_index/packages/moveit_resources_panda_moveit_config
[20.908s] -- Up-to-date symlink: /home/lenovo/temp_ws/install/moveit_resources_panda_moveit_config/share/moveit_resources_panda_moveit_config/cmake/moveit_resources_panda_moveit_configConfig.cmake
[20.908s] -- Up-to-date symlink: /home/lenovo/temp_ws/install/moveit_resources_panda_moveit_config/share/moveit_resources_panda_moveit_config/cmake/moveit_resources_panda_moveit_configConfig-version.cmake
[20.908s] -- Up-to-date symlink: /home/lenovo/temp_ws/install/moveit_resources_panda_moveit_config/share/moveit_resources_panda_moveit_config/package.xml
[20.908s] -- Up-to-date symlink: /home/lenovo/temp_ws/install/moveit_resources_panda_moveit_config/share/moveit_resources_panda_moveit_config/launch/demo.launch.py
[20.909s] -- Up-to-date symlink: /home/lenovo/temp_ws/install/moveit_resources_panda_moveit_config/share/moveit_resources_panda_moveit_config/launch/full_simulation.launch.py
[20.909s] -- Up-to-date symlink: /home/lenovo/temp_ws/install/moveit_resources_panda_moveit_config/share/moveit_resources_panda_moveit_config/launch/gazebo.launch.py
[20.909s] -- Up-to-date symlink: /home/lenovo/temp_ws/install/moveit_resources_panda_moveit_config/share/moveit_resources_panda_moveit_config/launch/gazebo_simulation.launch.py
[20.909s] -- Up-to-date symlink: /home/lenovo/temp_ws/install/moveit_resources_panda_moveit_config/share/moveit_resources_panda_moveit_config/launch/moveit.rviz
[20.909s] -- Up-to-date symlink: /home/lenovo/temp_ws/install/moveit_resources_panda_moveit_config/share/moveit_resources_panda_moveit_config/launch/moveit_empty.rviz
[20.910s] -- Up-to-date symlink: /home/lenovo/temp_ws/install/moveit_resources_panda_moveit_config/share/moveit_resources_panda_moveit_config/launch/moveit_rviz.launch.py
[20.910s] -- Up-to-date symlink: /home/lenovo/temp_ws/install/moveit_resources_panda_moveit_config/share/moveit_resources_panda_moveit_config/config/chomp_planning.yaml
[20.910s] -- Up-to-date symlink: /home/lenovo/temp_ws/install/moveit_resources_panda_moveit_config/share/moveit_resources_panda_moveit_config/config/gripper_moveit_controllers.yaml
[20.910s] -- Up-to-date symlink: /home/lenovo/temp_ws/install/moveit_resources_panda_moveit_config/share/moveit_resources_panda_moveit_config/config/hand.xacro
[20.910s] -- Up-to-date symlink: /home/lenovo/temp_ws/install/moveit_resources_panda_moveit_config/share/moveit_resources_panda_moveit_config/config/initial_positions.yaml
[20.911s] -- Up-to-date symlink: /home/lenovo/temp_ws/install/moveit_resources_panda_moveit_config/share/moveit_resources_panda_moveit_config/config/joint_limits.yaml
[20.911s] -- Up-to-date symlink: /home/lenovo/temp_ws/install/moveit_resources_panda_moveit_config/share/moveit_resources_panda_moveit_config/config/kinematics.yaml
[20.911s] -- Up-to-date symlink: /home/lenovo/temp_ws/install/moveit_resources_panda_moveit_config/share/moveit_resources_panda_moveit_config/config/lerp_planning.yaml
[20.911s] -- Up-to-date symlink: /home/lenovo/temp_ws/install/moveit_resources_panda_moveit_config/share/moveit_resources_panda_moveit_config/config/moveit_controllers.yaml
[20.911s] -- Up-to-date symlink: /home/lenovo/temp_ws/install/moveit_resources_panda_moveit_config/share/moveit_resources_panda_moveit_config/config/ompl_planning.yaml
[20.912s] -- Up-to-date symlink: /home/lenovo/temp_ws/install/moveit_resources_panda_moveit_config/share/moveit_resources_panda_moveit_config/config/panda.ros2_control.xacro
[20.912s] -- Up-to-date symlink: /home/lenovo/temp_ws/install/moveit_resources_panda_moveit_config/share/moveit_resources_panda_moveit_config/config/panda.srdf
[20.912s] -- Up-to-date symlink: /home/lenovo/temp_ws/install/moveit_resources_panda_moveit_config/share/moveit_resources_panda_moveit_config/config/panda.urdf
[20.912s] -- Up-to-date symlink: /home/lenovo/temp_ws/install/moveit_resources_panda_moveit_config/share/moveit_resources_panda_moveit_config/config/panda.urdf.xacro
[20.912s] -- Up-to-date symlink: /home/lenovo/temp_ws/install/moveit_resources_panda_moveit_config/share/moveit_resources_panda_moveit_config/config/panda.xacro
[20.912s] -- Up-to-date symlink: /home/lenovo/temp_ws/install/moveit_resources_panda_moveit_config/share/moveit_resources_panda_moveit_config/config/panda_arm.srdf.xacro
[20.912s] -- Up-to-date symlink: /home/lenovo/temp_ws/install/moveit_resources_panda_moveit_config/share/moveit_resources_panda_moveit_config/config/panda_arm.xacro
[20.913s] -- Up-to-date symlink: /home/lenovo/temp_ws/install/moveit_resources_panda_moveit_config/share/moveit_resources_panda_moveit_config/config/panda_arm_hand.srdf.xacro
[20.913s] -- Up-to-date symlink: /home/lenovo/temp_ws/install/moveit_resources_panda_moveit_config/share/moveit_resources_panda_moveit_config/config/panda_hand.ros2_control.xacro
[20.913s] -- Up-to-date symlink: /home/lenovo/temp_ws/install/moveit_resources_panda_moveit_config/share/moveit_resources_panda_moveit_config/config/pilz_cartesian_limits.yaml
[20.913s] -- Up-to-date symlink: /home/lenovo/temp_ws/install/moveit_resources_panda_moveit_config/share/moveit_resources_panda_moveit_config/config/pilz_industrial_motion_planner_planning.yaml
[20.913s] -- Up-to-date symlink: /home/lenovo/temp_ws/install/moveit_resources_panda_moveit_config/share/moveit_resources_panda_moveit_config/config/ros2_controllers.yaml
[20.914s] -- Up-to-date symlink: /home/lenovo/temp_ws/install/moveit_resources_panda_moveit_config/share/moveit_resources_panda_moveit_config/config/sensors_kinect_depthmap.yaml
[20.914s] -- Up-to-date symlink: /home/lenovo/temp_ws/install/moveit_resources_panda_moveit_config/share/moveit_resources_panda_moveit_config/config/sensors_kinect_pointcloud.yaml
[20.914s] -- Up-to-date symlink: /home/lenovo/temp_ws/install/moveit_resources_panda_moveit_config/share/moveit_resources_panda_moveit_config/config/trajopt_planning.yaml
[20.914s] -- Up-to-date symlink: /home/lenovo/temp_ws/install/moveit_resources_panda_moveit_config/share/moveit_resources_panda_moveit_config/.setup_assistant
[20.915s] -- Up-to-date symlink: /home/lenovo/temp_ws/install/moveit_resources_panda_moveit_config/lib/moveit_resources_panda_moveit_config/panda_ik_node
[20.915s] -- Up-to-date symlink: /home/lenovo/temp_ws/install/moveit_resources_panda_moveit_config/lib/moveit_resources_panda_moveit_config/panda_ik_node_cpp
[20.917s] Invoked command in '/home/lenovo/temp_ws/build/moveit_resources_panda_moveit_config' returned '0': CMAKE_PREFIX_PATH=/home/lenovo/temp_ws/install/moveit_resources_panda_description:/home/lenovo/temp_ws/install/moveit_resources_panda_moveit_config:/home/lenovo/ultramotive_ws/install/cobot2_new:/home/lenovo/ultramotive_ws/install/cobot_trial2_description:/opt/ros/humble /usr/bin/cmake --install /home/lenovo/temp_ws/build/moveit_resources_panda_moveit_config
