[0.021s] Invoking command in '/home/lenovo/temp_ws/build/moveit_resources_panda_moveit_config': CMAKE_PREFIX_PATH=/home/lenovo/temp_ws/install/moveit_resources_panda_description:/home/lenovo/temp_ws/install/moveit_resources_panda_moveit_config:/home/lenovo/ultramotive_ws/install/cobot2_new:/home/lenovo/ultramotive_ws/install/cobot_trial2_description:/opt/ros/humble /usr/bin/cmake --build /home/lenovo/temp_ws/build/moveit_resources_panda_moveit_config -- -j12 -l12
[0.112s] Invoked command in '/home/lenovo/temp_ws/build/moveit_resources_panda_moveit_config' returned '0': CMAKE_PREFIX_PATH=/home/lenovo/temp_ws/install/moveit_resources_panda_description:/home/lenovo/temp_ws/install/moveit_resources_panda_moveit_config:/home/lenovo/ultramotive_ws/install/cobot2_new:/home/lenovo/ultramotive_ws/install/cobot_trial2_description:/opt/ros/humble /usr/bin/cmake --build /home/lenovo/temp_ws/build/moveit_resources_panda_moveit_config -- -j12 -l12
[0.116s] Invoking command in '/home/lenovo/temp_ws/build/moveit_resources_panda_moveit_config': CMAKE_PREFIX_PATH=/home/lenovo/temp_ws/install/moveit_resources_panda_description:/home/lenovo/temp_ws/install/moveit_resources_panda_moveit_config:/home/lenovo/ultramotive_ws/install/cobot2_new:/home/lenovo/ultramotive_ws/install/cobot_trial2_description:/opt/ros/humble /usr/bin/cmake --install /home/lenovo/temp_ws/build/moveit_resources_panda_moveit_config
[0.127s] -- Install configuration: ""
[0.128s] -- Execute custom install script
[0.128s] -- Up-to-date symlink: /home/lenovo/temp_ws/install/moveit_resources_panda_moveit_config/share/ament_index/resource_index/package_run_dependencies/moveit_resources_panda_moveit_config
[0.128s] -- Up-to-date symlink: /home/lenovo/temp_ws/install/moveit_resources_panda_moveit_config/share/ament_index/resource_index/parent_prefix_path/moveit_resources_panda_moveit_config
[0.129s] -- Up-to-date symlink: /home/lenovo/temp_ws/install/moveit_resources_panda_moveit_config/share/moveit_resources_panda_moveit_config/environment/ament_prefix_path.sh
[0.129s] -- Up-to-date symlink: /home/lenovo/temp_ws/install/moveit_resources_panda_moveit_config/share/moveit_resources_panda_moveit_config/environment/ament_prefix_path.dsv
[0.129s] -- Up-to-date symlink: /home/lenovo/temp_ws/install/moveit_resources_panda_moveit_config/share/moveit_resources_panda_moveit_config/environment/path.sh
[0.129s] -- Up-to-date symlink: /home/lenovo/temp_ws/install/moveit_resources_panda_moveit_config/share/moveit_resources_panda_moveit_config/environment/path.dsv
[0.130s] -- Up-to-date symlink: /home/lenovo/temp_ws/install/moveit_resources_panda_moveit_config/share/moveit_resources_panda_moveit_config/local_setup.bash
[0.130s] -- Up-to-date symlink: /home/lenovo/temp_ws/install/moveit_resources_panda_moveit_config/share/moveit_resources_panda_moveit_config/local_setup.sh
[0.130s] -- Up-to-date symlink: /home/lenovo/temp_ws/install/moveit_resources_panda_moveit_config/share/moveit_resources_panda_moveit_config/local_setup.zsh
[0.130s] -- Up-to-date symlink: /home/lenovo/temp_ws/install/moveit_resources_panda_moveit_config/share/moveit_resources_panda_moveit_config/local_setup.dsv
[0.130s] -- Symlinking: /home/lenovo/temp_ws/install/moveit_resources_panda_moveit_config/share/moveit_resources_panda_moveit_config/package.dsv
[0.151s] -- Up-to-date symlink: /home/lenovo/temp_ws/install/moveit_resources_panda_moveit_config/share/ament_index/resource_index/packages/moveit_resources_panda_moveit_config
[0.151s] -- Up-to-date symlink: /home/lenovo/temp_ws/install/moveit_resources_panda_moveit_config/share/moveit_resources_panda_moveit_config/cmake/moveit_resources_panda_moveit_configConfig.cmake
[0.152s] -- Up-to-date symlink: /home/lenovo/temp_ws/install/moveit_resources_panda_moveit_config/share/moveit_resources_panda_moveit_config/cmake/moveit_resources_panda_moveit_configConfig-version.cmake
[0.152s] -- Up-to-date symlink: /home/lenovo/temp_ws/install/moveit_resources_panda_moveit_config/share/moveit_resources_panda_moveit_config/package.xml
[0.152s] -- Up-to-date symlink: /home/lenovo/temp_ws/install/moveit_resources_panda_moveit_config/share/moveit_resources_panda_moveit_config/launch/demo.launch.py
[0.153s] -- Up-to-date symlink: /home/lenovo/temp_ws/install/moveit_resources_panda_moveit_config/share/moveit_resources_panda_moveit_config/launch/full_simulation.launch.py
[0.153s] -- Up-to-date symlink: /home/lenovo/temp_ws/install/moveit_resources_panda_moveit_config/share/moveit_resources_panda_moveit_config/launch/gazebo.launch.py
[0.153s] -- Up-to-date symlink: /home/lenovo/temp_ws/install/moveit_resources_panda_moveit_config/share/moveit_resources_panda_moveit_config/launch/gazebo_simulation.launch.py
[0.153s] -- Up-to-date symlink: /home/lenovo/temp_ws/install/moveit_resources_panda_moveit_config/share/moveit_resources_panda_moveit_config/launch/moveit.rviz
[0.153s] -- Up-to-date symlink: /home/lenovo/temp_ws/install/moveit_resources_panda_moveit_config/share/moveit_resources_panda_moveit_config/launch/moveit_empty.rviz
[0.154s] -- Up-to-date symlink: /home/lenovo/temp_ws/install/moveit_resources_panda_moveit_config/share/moveit_resources_panda_moveit_config/launch/moveit_rviz.launch.py
[0.154s] -- Up-to-date symlink: /home/lenovo/temp_ws/install/moveit_resources_panda_moveit_config/share/moveit_resources_panda_moveit_config/config/chomp_planning.yaml
[0.154s] -- Up-to-date symlink: /home/lenovo/temp_ws/install/moveit_resources_panda_moveit_config/share/moveit_resources_panda_moveit_config/config/gripper_moveit_controllers.yaml
[0.155s] -- Up-to-date symlink: /home/lenovo/temp_ws/install/moveit_resources_panda_moveit_config/share/moveit_resources_panda_moveit_config/config/hand.xacro
[0.155s] -- Up-to-date symlink: /home/lenovo/temp_ws/install/moveit_resources_panda_moveit_config/share/moveit_resources_panda_moveit_config/config/initial_positions.yaml
[0.155s] -- Up-to-date symlink: /home/lenovo/temp_ws/install/moveit_resources_panda_moveit_config/share/moveit_resources_panda_moveit_config/config/joint_limits.yaml
[0.155s] -- Up-to-date symlink: /home/lenovo/temp_ws/install/moveit_resources_panda_moveit_config/share/moveit_resources_panda_moveit_config/config/kinematics.yaml
[0.155s] -- Up-to-date symlink: /home/lenovo/temp_ws/install/moveit_resources_panda_moveit_config/share/moveit_resources_panda_moveit_config/config/lerp_planning.yaml
[0.155s] -- Up-to-date symlink: /home/lenovo/temp_ws/install/moveit_resources_panda_moveit_config/share/moveit_resources_panda_moveit_config/config/moveit_controllers.yaml
[0.156s] -- Up-to-date symlink: /home/lenovo/temp_ws/install/moveit_resources_panda_moveit_config/share/moveit_resources_panda_moveit_config/config/ompl_planning.yaml
[0.156s] -- Up-to-date symlink: /home/lenovo/temp_ws/install/moveit_resources_panda_moveit_config/share/moveit_resources_panda_moveit_config/config/panda.ros2_control.xacro
[0.156s] -- Up-to-date symlink: /home/lenovo/temp_ws/install/moveit_resources_panda_moveit_config/share/moveit_resources_panda_moveit_config/config/panda.srdf
[0.156s] -- Up-to-date symlink: /home/lenovo/temp_ws/install/moveit_resources_panda_moveit_config/share/moveit_resources_panda_moveit_config/config/panda.urdf
[0.156s] -- Up-to-date symlink: /home/lenovo/temp_ws/install/moveit_resources_panda_moveit_config/share/moveit_resources_panda_moveit_config/config/panda.urdf.xacro
[0.156s] -- Up-to-date symlink: /home/lenovo/temp_ws/install/moveit_resources_panda_moveit_config/share/moveit_resources_panda_moveit_config/config/panda.xacro
[0.157s] -- Up-to-date symlink: /home/lenovo/temp_ws/install/moveit_resources_panda_moveit_config/share/moveit_resources_panda_moveit_config/config/panda_arm.srdf.xacro
[0.157s] -- Up-to-date symlink: /home/lenovo/temp_ws/install/moveit_resources_panda_moveit_config/share/moveit_resources_panda_moveit_config/config/panda_arm.xacro
[0.157s] -- Up-to-date symlink: /home/lenovo/temp_ws/install/moveit_resources_panda_moveit_config/share/moveit_resources_panda_moveit_config/config/panda_arm_hand.srdf.xacro
[0.157s] -- Up-to-date symlink: /home/lenovo/temp_ws/install/moveit_resources_panda_moveit_config/share/moveit_resources_panda_moveit_config/config/panda_hand.ros2_control.xacro
[0.157s] -- Up-to-date symlink: /home/lenovo/temp_ws/install/moveit_resources_panda_moveit_config/share/moveit_resources_panda_moveit_config/config/pilz_cartesian_limits.yaml
[0.157s] -- Up-to-date symlink: /home/lenovo/temp_ws/install/moveit_resources_panda_moveit_config/share/moveit_resources_panda_moveit_config/config/pilz_industrial_motion_planner_planning.yaml
[0.158s] -- Up-to-date symlink: /home/lenovo/temp_ws/install/moveit_resources_panda_moveit_config/share/moveit_resources_panda_moveit_config/config/ros2_controllers.yaml
[0.158s] -- Up-to-date symlink: /home/lenovo/temp_ws/install/moveit_resources_panda_moveit_config/share/moveit_resources_panda_moveit_config/config/sensors_kinect_depthmap.yaml
[0.158s] -- Up-to-date symlink: /home/lenovo/temp_ws/install/moveit_resources_panda_moveit_config/share/moveit_resources_panda_moveit_config/config/sensors_kinect_pointcloud.yaml
[0.158s] -- Up-to-date symlink: /home/lenovo/temp_ws/install/moveit_resources_panda_moveit_config/share/moveit_resources_panda_moveit_config/config/trajopt_planning.yaml
[0.158s] -- Up-to-date symlink: /home/lenovo/temp_ws/install/moveit_resources_panda_moveit_config/share/moveit_resources_panda_moveit_config/.setup_assistant
[0.163s] Invoked command in '/home/lenovo/temp_ws/build/moveit_resources_panda_moveit_config' returned '0': CMAKE_PREFIX_PATH=/home/lenovo/temp_ws/install/moveit_resources_panda_description:/home/lenovo/temp_ws/install/moveit_resources_panda_moveit_config:/home/lenovo/ultramotive_ws/install/cobot2_new:/home/lenovo/ultramotive_ws/install/cobot_trial2_description:/opt/ros/humble /usr/bin/cmake --install /home/lenovo/temp_ws/build/moveit_resources_panda_moveit_config
