[0.012s] Invoking command in '/home/lenovo/temp_ws/build/moveit_resources_panda_description': CMAKE_PREFIX_PATH=${CMAKE_PREFIX_PATH}:/opt/ros/humble /usr/bin/cmake --build /home/lenovo/temp_ws/build/moveit_resources_panda_description -- -j12 -l12
[0.064s] Invoked command in '/home/lenovo/temp_ws/build/moveit_resources_panda_description' returned '0': CMAKE_PREFIX_PATH=${CMAKE_PREFIX_PATH}:/opt/ros/humble /usr/bin/cmake --build /home/lenovo/temp_ws/build/moveit_resources_panda_description -- -j12 -l12
[0.074s] Invoking command in '/home/lenovo/temp_ws/build/moveit_resources_panda_description': CMAKE_PREFIX_PATH=${CMAKE_PREFIX_PATH}:/opt/ros/humble /usr/bin/cmake --install /home/lenovo/temp_ws/build/moveit_resources_panda_description
[0.092s] -- Install configuration: ""
[0.093s] -- Execute custom install script
[0.093s] -- Symlinking: /home/lenovo/temp_ws/install/moveit_resources_panda_description/share/moveit_resources_panda_description/environment/ament_prefix_path.dsv
[0.104s] -- Symlinking: /home/lenovo/temp_ws/install/moveit_resources_panda_description/share/moveit_resources_panda_description/environment/ament_prefix_path.sh
[0.115s] -- Symlinking: /home/lenovo/temp_ws/install/moveit_resources_panda_description/share/moveit_resources_panda_description/environment/path.dsv
[0.125s] -- Symlinking: /home/lenovo/temp_ws/install/moveit_resources_panda_description/share/moveit_resources_panda_description/environment/path.sh
[0.144s] -- Symlinking: /home/lenovo/temp_ws/install/moveit_resources_panda_description/share/moveit_resources_panda_description/cmake/moveit_resources_panda_descriptionConfig-version.cmake
[0.154s] -- Symlinking: /home/lenovo/temp_ws/install/moveit_resources_panda_description/share/moveit_resources_panda_description/cmake/moveit_resources_panda_descriptionConfig.cmake
[0.170s] -- Up-to-date symlink: /home/lenovo/temp_ws/install/moveit_resources_panda_description/share/moveit_resources_panda_description/urdf/panda.urdf
[0.171s] -- Up-to-date symlink: /home/lenovo/temp_ws/install/moveit_resources_panda_description/share/moveit_resources_panda_description/meshes/collision/finger.stl
[0.171s] -- Up-to-date symlink: /home/lenovo/temp_ws/install/moveit_resources_panda_description/share/moveit_resources_panda_description/meshes/collision/hand.stl
[0.171s] -- Up-to-date symlink: /home/lenovo/temp_ws/install/moveit_resources_panda_description/share/moveit_resources_panda_description/meshes/collision/link0.stl
[0.171s] -- Up-to-date symlink: /home/lenovo/temp_ws/install/moveit_resources_panda_description/share/moveit_resources_panda_description/meshes/collision/link1.stl
[0.172s] -- Up-to-date symlink: /home/lenovo/temp_ws/install/moveit_resources_panda_description/share/moveit_resources_panda_description/meshes/collision/link2.stl
[0.172s] -- Up-to-date symlink: /home/lenovo/temp_ws/install/moveit_resources_panda_description/share/moveit_resources_panda_description/meshes/collision/link3.stl
[0.172s] -- Up-to-date symlink: /home/lenovo/temp_ws/install/moveit_resources_panda_description/share/moveit_resources_panda_description/meshes/collision/link4.stl
[0.172s] -- Up-to-date symlink: /home/lenovo/temp_ws/install/moveit_resources_panda_description/share/moveit_resources_panda_description/meshes/collision/link5.stl
[0.173s] -- Up-to-date symlink: /home/lenovo/temp_ws/install/moveit_resources_panda_description/share/moveit_resources_panda_description/meshes/collision/link6.stl
[0.173s] -- Up-to-date symlink: /home/lenovo/temp_ws/install/moveit_resources_panda_description/share/moveit_resources_panda_description/meshes/collision/link7.stl
[0.173s] -- Up-to-date symlink: /home/lenovo/temp_ws/install/moveit_resources_panda_description/share/moveit_resources_panda_description/meshes/visual/finger.dae
[0.174s] -- Up-to-date symlink: /home/lenovo/temp_ws/install/moveit_resources_panda_description/share/moveit_resources_panda_description/meshes/visual/hand.dae
[0.174s] -- Up-to-date symlink: /home/lenovo/temp_ws/install/moveit_resources_panda_description/share/moveit_resources_panda_description/meshes/visual/link0.dae
[0.174s] -- Up-to-date symlink: /home/lenovo/temp_ws/install/moveit_resources_panda_description/share/moveit_resources_panda_description/meshes/visual/link1.dae
[0.175s] -- Up-to-date symlink: /home/lenovo/temp_ws/install/moveit_resources_panda_description/share/moveit_resources_panda_description/meshes/visual/link2.dae
[0.175s] -- Up-to-date symlink: /home/lenovo/temp_ws/install/moveit_resources_panda_description/share/moveit_resources_panda_description/meshes/visual/link3.dae
[0.175s] -- Up-to-date symlink: /home/lenovo/temp_ws/install/moveit_resources_panda_description/share/moveit_resources_panda_description/meshes/visual/link4.dae
[0.175s] -- Up-to-date symlink: /home/lenovo/temp_ws/install/moveit_resources_panda_description/share/moveit_resources_panda_description/meshes/visual/link5.dae
[0.176s] -- Up-to-date symlink: /home/lenovo/temp_ws/install/moveit_resources_panda_description/share/moveit_resources_panda_description/meshes/visual/link6.dae
[0.176s] -- Up-to-date symlink: /home/lenovo/temp_ws/install/moveit_resources_panda_description/share/moveit_resources_panda_description/meshes/visual/link7.dae
[0.176s] -- Up-to-date symlink: /home/lenovo/temp_ws/install/moveit_resources_panda_description/share/ament_index/resource_index/package_run_dependencies/moveit_resources_panda_description
[0.177s] -- Up-to-date symlink: /home/lenovo/temp_ws/install/moveit_resources_panda_description/share/ament_index/resource_index/parent_prefix_path/moveit_resources_panda_description
[0.177s] -- Symlinking: /home/lenovo/temp_ws/install/moveit_resources_panda_description/share/moveit_resources_panda_description/environment/ament_prefix_path.sh
[0.187s] -- Symlinking: /home/lenovo/temp_ws/install/moveit_resources_panda_description/share/moveit_resources_panda_description/environment/ament_prefix_path.dsv
[0.197s] -- Symlinking: /home/lenovo/temp_ws/install/moveit_resources_panda_description/share/moveit_resources_panda_description/environment/path.sh
[0.208s] -- Symlinking: /home/lenovo/temp_ws/install/moveit_resources_panda_description/share/moveit_resources_panda_description/environment/path.dsv
[0.218s] -- Up-to-date symlink: /home/lenovo/temp_ws/install/moveit_resources_panda_description/share/moveit_resources_panda_description/local_setup.bash
[0.218s] -- Up-to-date symlink: /home/lenovo/temp_ws/install/moveit_resources_panda_description/share/moveit_resources_panda_description/local_setup.sh
[0.219s] -- Up-to-date symlink: /home/lenovo/temp_ws/install/moveit_resources_panda_description/share/moveit_resources_panda_description/local_setup.zsh
[0.219s] -- Up-to-date symlink: /home/lenovo/temp_ws/install/moveit_resources_panda_description/share/moveit_resources_panda_description/local_setup.dsv
[0.219s] -- Symlinking: /home/lenovo/temp_ws/install/moveit_resources_panda_description/share/moveit_resources_panda_description/package.dsv
[0.236s] -- Up-to-date symlink: /home/lenovo/temp_ws/install/moveit_resources_panda_description/share/ament_index/resource_index/packages/moveit_resources_panda_description
[0.237s] -- Symlinking: /home/lenovo/temp_ws/install/moveit_resources_panda_description/share/moveit_resources_panda_description/cmake/moveit_resources_panda_descriptionConfig.cmake
[0.247s] -- Symlinking: /home/lenovo/temp_ws/install/moveit_resources_panda_description/share/moveit_resources_panda_description/cmake/moveit_resources_panda_descriptionConfig-version.cmake
[0.258s] -- Up-to-date symlink: /home/lenovo/temp_ws/install/moveit_resources_panda_description/share/moveit_resources_panda_description/package.xml
[0.263s] Invoked command in '/home/lenovo/temp_ws/build/moveit_resources_panda_description' returned '0': CMAKE_PREFIX_PATH=${CMAKE_PREFIX_PATH}:/opt/ros/humble /usr/bin/cmake --install /home/lenovo/temp_ws/build/moveit_resources_panda_description
