-- The C compiler identification is GNU 11.4.0
-- The CXX compiler identification is GNU 11.4.0
-- Detecting C compiler ABI info
-- Detecting C compiler ABI info - done
-- Check for working C compiler: /usr/bin/cc - skipped
-- Detecting C compile features
-- Detecting C compile features - done
-- Detecting CXX compiler ABI info
-- Detecting CXX compiler ABI info - done
-- Check for working CXX compiler: /usr/bin/c++ - skipped
-- Detecting CXX compile features
-- Detecting CXX compile features - done
-- Found ament_cmake: 1.3.12 (/opt/ros/humble/share/ament_cmake/cmake)
-- Found Python3: /usr/bin/python3 (found version "3.10.12") found components: Interpreter 
-- Override CMake install command with custom implementation using symlinks instead of copying resources
-- Found rclcpp: 16.0.14 (/opt/ros/humble/share/rclcpp/cmake)
-- Found rosidl_generator_c: 3.1.7 (/opt/ros/humble/share/rosidl_generator_c/cmake)
-- Found rosidl_adapter: 3.1.7 (/opt/ros/humble/share/rosidl_adapter/cmake)
-- Found rosidl_generator_cpp: 3.1.7 (/opt/ros/humble/share/rosidl_generator_cpp/cmake)
-- Using all available rosidl_typesupport_c: rosidl_typesupport_fastrtps_c;rosidl_typesupport_introspection_c
-- Using all available rosidl_typesupport_cpp: rosidl_typesupport_fastrtps_cpp;rosidl_typesupport_introspection_cpp
-- Found rmw_implementation_cmake: 6.1.2 (/opt/ros/humble/share/rmw_implementation_cmake/cmake)
-- Found rmw_fastrtps_cpp: 6.2.8 (/opt/ros/humble/share/rmw_fastrtps_cpp/cmake)
-- Found OpenSSL: /usr/lib/x86_64-linux-gnu/libcrypto.so (found version "3.0.2")  
-- Found FastRTPS: /opt/ros/humble/include  
-- Using RMW implementation 'rmw_fastrtps_cpp' as default
-- Looking for pthread.h
-- Looking for pthread.h - found
-- Performing Test CMAKE_HAVE_LIBC_PTHREAD
-- Performing Test CMAKE_HAVE_LIBC_PTHREAD - Success
-- Found Threads: TRUE  
-- Found trajectory_msgs: 4.9.0 (/opt/ros/humble/share/trajectory_msgs/cmake)
-- Configuring done
-- Generating done
-- Build files have been written to: /home/lenovo/temp_ws/build/moveit_resources_panda_description
-- Install configuration: ""
-- Execute custom install script
-- Symlinking: /home/lenovo/temp_ws/install/moveit_resources_panda_description/share/moveit_resources_panda_description/environment/ament_prefix_path.dsv
-- Symlinking: /home/lenovo/temp_ws/install/moveit_resources_panda_description/share/moveit_resources_panda_description/environment/ament_prefix_path.sh
-- Symlinking: /home/lenovo/temp_ws/install/moveit_resources_panda_description/share/moveit_resources_panda_description/environment/path.dsv
-- Symlinking: /home/lenovo/temp_ws/install/moveit_resources_panda_description/share/moveit_resources_panda_description/environment/path.sh
-- Symlinking: /home/lenovo/temp_ws/install/moveit_resources_panda_description/share/moveit_resources_panda_description/cmake/moveit_resources_panda_descriptionConfig-version.cmake
-- Symlinking: /home/lenovo/temp_ws/install/moveit_resources_panda_description/share/moveit_resources_panda_description/cmake/moveit_resources_panda_descriptionConfig.cmake
-- Up-to-date symlink: /home/lenovo/temp_ws/install/moveit_resources_panda_description/share/moveit_resources_panda_description/urdf/panda.urdf
-- Up-to-date symlink: /home/lenovo/temp_ws/install/moveit_resources_panda_description/share/moveit_resources_panda_description/meshes/collision/finger.stl
-- Up-to-date symlink: /home/lenovo/temp_ws/install/moveit_resources_panda_description/share/moveit_resources_panda_description/meshes/collision/hand.stl
-- Up-to-date symlink: /home/lenovo/temp_ws/install/moveit_resources_panda_description/share/moveit_resources_panda_description/meshes/collision/link0.stl
-- Up-to-date symlink: /home/lenovo/temp_ws/install/moveit_resources_panda_description/share/moveit_resources_panda_description/meshes/collision/link1.stl
-- Up-to-date symlink: /home/lenovo/temp_ws/install/moveit_resources_panda_description/share/moveit_resources_panda_description/meshes/collision/link2.stl
-- Up-to-date symlink: /home/lenovo/temp_ws/install/moveit_resources_panda_description/share/moveit_resources_panda_description/meshes/collision/link3.stl
-- Up-to-date symlink: /home/lenovo/temp_ws/install/moveit_resources_panda_description/share/moveit_resources_panda_description/meshes/collision/link4.stl
-- Up-to-date symlink: /home/lenovo/temp_ws/install/moveit_resources_panda_description/share/moveit_resources_panda_description/meshes/collision/link5.stl
-- Up-to-date symlink: /home/lenovo/temp_ws/install/moveit_resources_panda_description/share/moveit_resources_panda_description/meshes/collision/link6.stl
-- Up-to-date symlink: /home/lenovo/temp_ws/install/moveit_resources_panda_description/share/moveit_resources_panda_description/meshes/collision/link7.stl
-- Up-to-date symlink: /home/lenovo/temp_ws/install/moveit_resources_panda_description/share/moveit_resources_panda_description/meshes/visual/finger.dae
-- Up-to-date symlink: /home/lenovo/temp_ws/install/moveit_resources_panda_description/share/moveit_resources_panda_description/meshes/visual/hand.dae
-- Up-to-date symlink: /home/lenovo/temp_ws/install/moveit_resources_panda_description/share/moveit_resources_panda_description/meshes/visual/link0.dae
-- Up-to-date symlink: /home/lenovo/temp_ws/install/moveit_resources_panda_description/share/moveit_resources_panda_description/meshes/visual/link1.dae
-- Up-to-date symlink: /home/lenovo/temp_ws/install/moveit_resources_panda_description/share/moveit_resources_panda_description/meshes/visual/link2.dae
-- Up-to-date symlink: /home/lenovo/temp_ws/install/moveit_resources_panda_description/share/moveit_resources_panda_description/meshes/visual/link3.dae
-- Up-to-date symlink: /home/lenovo/temp_ws/install/moveit_resources_panda_description/share/moveit_resources_panda_description/meshes/visual/link4.dae
-- Up-to-date symlink: /home/lenovo/temp_ws/install/moveit_resources_panda_description/share/moveit_resources_panda_description/meshes/visual/link5.dae
-- Up-to-date symlink: /home/lenovo/temp_ws/install/moveit_resources_panda_description/share/moveit_resources_panda_description/meshes/visual/link6.dae
-- Up-to-date symlink: /home/lenovo/temp_ws/install/moveit_resources_panda_description/share/moveit_resources_panda_description/meshes/visual/link7.dae
-- Up-to-date symlink: /home/lenovo/temp_ws/install/moveit_resources_panda_description/share/ament_index/resource_index/package_run_dependencies/moveit_resources_panda_description
-- Up-to-date symlink: /home/lenovo/temp_ws/install/moveit_resources_panda_description/share/ament_index/resource_index/parent_prefix_path/moveit_resources_panda_description
-- Symlinking: /home/lenovo/temp_ws/install/moveit_resources_panda_description/share/moveit_resources_panda_description/environment/ament_prefix_path.sh
-- Symlinking: /home/lenovo/temp_ws/install/moveit_resources_panda_description/share/moveit_resources_panda_description/environment/ament_prefix_path.dsv
-- Symlinking: /home/lenovo/temp_ws/install/moveit_resources_panda_description/share/moveit_resources_panda_description/environment/path.sh
-- Symlinking: /home/lenovo/temp_ws/install/moveit_resources_panda_description/share/moveit_resources_panda_description/environment/path.dsv
-- Up-to-date symlink: /home/lenovo/temp_ws/install/moveit_resources_panda_description/share/moveit_resources_panda_description/local_setup.bash
-- Up-to-date symlink: /home/lenovo/temp_ws/install/moveit_resources_panda_description/share/moveit_resources_panda_description/local_setup.sh
-- Up-to-date symlink: /home/lenovo/temp_ws/install/moveit_resources_panda_description/share/moveit_resources_panda_description/local_setup.zsh
-- Up-to-date symlink: /home/lenovo/temp_ws/install/moveit_resources_panda_description/share/moveit_resources_panda_description/local_setup.dsv
-- Symlinking: /home/lenovo/temp_ws/install/moveit_resources_panda_description/share/moveit_resources_panda_description/package.dsv
-- Up-to-date symlink: /home/lenovo/temp_ws/install/moveit_resources_panda_description/share/ament_index/resource_index/packages/moveit_resources_panda_description
-- Symlinking: /home/lenovo/temp_ws/install/moveit_resources_panda_description/share/moveit_resources_panda_description/cmake/moveit_resources_panda_descriptionConfig.cmake
-- Symlinking: /home/lenovo/temp_ws/install/moveit_resources_panda_description/share/moveit_resources_panda_description/cmake/moveit_resources_panda_descriptionConfig-version.cmake
-- Up-to-date symlink: /home/lenovo/temp_ws/install/moveit_resources_panda_description/share/moveit_resources_panda_description/package.xml
