[0.019s] Invoking command in '/home/lenovo/temp_ws/build/moveit_resources_panda_moveit_config': CMAKE_PREFIX_PATH=/home/lenovo/temp_ws/install/moveit_resources_panda_description:/home/lenovo/temp_ws/install/moveit_resources_panda_moveit_config:/home/lenovo/ultramotive_ws/install/cobot2_new:/home/lenovo/ultramotive_ws/install/cobot_trial2_description:/opt/ros/humble /usr/bin/cmake --build /home/lenovo/temp_ws/build/moveit_resources_panda_moveit_config -- -j12 -l12
[0.046s] -- Found ament_cmake: 1.3.12 (/opt/ros/humble/share/ament_cmake/cmake)
[0.192s] -- Override CMake install command with custom implementation using symlinks instead of copying resources
[0.210s] -- Found rclcpp: 16.0.14 (/opt/ros/humble/share/rclcpp/cmake)
[0.270s] -- Found rosidl_generator_c: 3.1.7 (/opt/ros/humble/share/rosidl_generator_c/cmake)
[0.278s] -- Found rosidl_adapter: 3.1.7 (/opt/ros/humble/share/rosidl_adapter/cmake)
[0.291s] -- Found rosidl_generator_cpp: 3.1.7 (/opt/ros/humble/share/rosidl_generator_cpp/cmake)
[0.307s] -- Using all available rosidl_typesupport_c: rosidl_typesupport_fastrtps_c;rosidl_typesupport_introspection_c
[0.328s] -- Using all available rosidl_typesupport_cpp: rosidl_typesupport_fastrtps_cpp;rosidl_typesupport_introspection_cpp
[0.389s] -- Found rmw_implementation_cmake: 6.1.2 (/opt/ros/humble/share/rmw_implementation_cmake/cmake)
[0.393s] -- Found rmw_fastrtps_cpp: 6.2.8 (/opt/ros/humble/share/rmw_fastrtps_cpp/cmake)
[0.515s] -- Found OpenSSL: /usr/lib/x86_64-linux-gnu/libcrypto.so (found version "3.0.2")  
[0.548s] -- Found FastRTPS: /opt/ros/humble/include  
[0.599s] -- Using RMW implementation 'rmw_fastrtps_cpp' as default
[0.612s] -- Looking for pthread.h
[0.713s] -- Looking for pthread.h - found
[0.714s] -- Performing Test CMAKE_HAVE_LIBC_PTHREAD
[0.817s] -- Performing Test CMAKE_HAVE_LIBC_PTHREAD - Success
[0.819s] -- Found Threads: TRUE  
[0.911s] -- Found sensor_msgs: 4.9.0 (/opt/ros/humble/share/sensor_msgs/cmake)
[1.014s] -- Configuring done
[1.020s] -- Generating done
[1.023s] -- Build files have been written to: /home/lenovo/temp_ws/build/moveit_resources_panda_moveit_config
[1.071s] [ 50%] [32mBuilding CXX object CMakeFiles/panda_ik_node.dir/scripts/panda_ik_node.cpp.o[0m
[1.082s] [01m[K/home/lenovo/temp_ws/src/moveit_resources_panda_moveit_config/scripts/panda_ik_node.cpp:1:10:[m[K [01;31m[Kfatal error: [m[Krclcpp/rclcpp.hpp: No such file or directory
[1.082s]     1 | #include [01;31m[K<rclcpp/rclcpp.hpp>[m[K
[1.082s]       |          [01;31m[K^~~~~~~~~~~~~~~~~~~[m[K
[1.082s] compilation terminated.
[1.083s] gmake[2]: *** [CMakeFiles/panda_ik_node.dir/build.make:76: CMakeFiles/panda_ik_node.dir/scripts/panda_ik_node.cpp.o] Error 1
[1.084s] gmake[1]: *** [CMakeFiles/Makefile2:137: CMakeFiles/panda_ik_node.dir/all] Error 2
[1.084s] gmake: *** [Makefile:146: all] Error 2
[1.087s] Invoked command in '/home/lenovo/temp_ws/build/moveit_resources_panda_moveit_config' returned '2': CMAKE_PREFIX_PATH=/home/lenovo/temp_ws/install/moveit_resources_panda_description:/home/lenovo/temp_ws/install/moveit_resources_panda_moveit_config:/home/lenovo/ultramotive_ws/install/cobot2_new:/home/lenovo/ultramotive_ws/install/cobot_trial2_description:/opt/ros/humble /usr/bin/cmake --build /home/lenovo/temp_ws/build/moveit_resources_panda_moveit_config -- -j12 -l12
