[0.025s] Invoking command in '/home/lenovo/temp_ws/build/moveit_resources_panda_description': CMAKE_PREFIX_PATH=${CMAKE_PREFIX_PATH}:/opt/ros/humble /usr/bin/cmake --build /home/lenovo/temp_ws/build/moveit_resources_panda_description -- -j12 -l12
[0.101s] Invoked command in '/home/lenovo/temp_ws/build/moveit_resources_panda_description' returned '0': CMAKE_PREFIX_PATH=${CMAKE_PREFIX_PATH}:/opt/ros/humble /usr/bin/cmake --build /home/lenovo/temp_ws/build/moveit_resources_panda_description -- -j12 -l12
[0.126s] Invoking command in '/home/lenovo/temp_ws/build/moveit_resources_panda_description': CMAKE_PREFIX_PATH=${CMAKE_PREFIX_PATH}:/opt/ros/humble /usr/bin/cmake --install /home/lenovo/temp_ws/build/moveit_resources_panda_description
[0.143s] -- Install configuration: ""
[0.144s] -- Execute custom install script
[0.145s] -- Symlinking: /home/lenovo/temp_ws/install/moveit_resources_panda_description/share/moveit_resources_panda_description/environment/ament_prefix_path.dsv
[0.168s] -- Symlinking: /home/lenovo/temp_ws/install/moveit_resources_panda_description/share/moveit_resources_panda_description/environment/ament_prefix_path.sh
[0.192s] -- Symlinking: /home/lenovo/temp_ws/install/moveit_resources_panda_description/share/moveit_resources_panda_description/environment/path.dsv
[0.210s] -- Symlinking: /home/lenovo/temp_ws/install/moveit_resources_panda_description/share/moveit_resources_panda_description/environment/path.sh
[0.228s] -- Symlinking: /home/lenovo/temp_ws/install/moveit_resources_panda_description/share/moveit_resources_panda_description/cmake/moveit_resources_panda_descriptionConfig-version.cmake
[0.251s] -- Symlinking: /home/lenovo/temp_ws/install/moveit_resources_panda_description/share/moveit_resources_panda_description/cmake/moveit_resources_panda_descriptionConfig.cmake
[0.269s] -- Up-to-date symlink: /home/lenovo/temp_ws/install/moveit_resources_panda_description/share/moveit_resources_panda_description/urdf/panda.urdf
[0.270s] -- Up-to-date symlink: /home/lenovo/temp_ws/install/moveit_resources_panda_description/share/moveit_resources_panda_description/meshes/collision/finger.stl
[0.271s] -- Up-to-date symlink: /home/lenovo/temp_ws/install/moveit_resources_panda_description/share/moveit_resources_panda_description/meshes/collision/hand.stl
[0.271s] -- Up-to-date symlink: /home/lenovo/temp_ws/install/moveit_resources_panda_description/share/moveit_resources_panda_description/meshes/collision/link0.stl
[0.272s] -- Up-to-date symlink: /home/lenovo/temp_ws/install/moveit_resources_panda_description/share/moveit_resources_panda_description/meshes/collision/link1.stl
[0.272s] -- Up-to-date symlink: /home/lenovo/temp_ws/install/moveit_resources_panda_description/share/moveit_resources_panda_description/meshes/collision/link2.stl
[0.273s] -- Up-to-date symlink: /home/lenovo/temp_ws/install/moveit_resources_panda_description/share/moveit_resources_panda_description/meshes/collision/link3.stl
[0.273s] -- Up-to-date symlink: /home/lenovo/temp_ws/install/moveit_resources_panda_description/share/moveit_resources_panda_description/meshes/collision/link4.stl
[0.274s] -- Up-to-date symlink: /home/lenovo/temp_ws/install/moveit_resources_panda_description/share/moveit_resources_panda_description/meshes/collision/link5.stl
[0.275s] -- Up-to-date symlink: /home/lenovo/temp_ws/install/moveit_resources_panda_description/share/moveit_resources_panda_description/meshes/collision/link6.stl
[0.275s] -- Up-to-date symlink: /home/lenovo/temp_ws/install/moveit_resources_panda_description/share/moveit_resources_panda_description/meshes/collision/link7.stl
[0.276s] -- Up-to-date symlink: /home/lenovo/temp_ws/install/moveit_resources_panda_description/share/moveit_resources_panda_description/meshes/visual/finger.dae
[0.276s] -- Up-to-date symlink: /home/lenovo/temp_ws/install/moveit_resources_panda_description/share/moveit_resources_panda_description/meshes/visual/hand.dae
[0.277s] -- Up-to-date symlink: /home/lenovo/temp_ws/install/moveit_resources_panda_description/share/moveit_resources_panda_description/meshes/visual/link0.dae
[0.277s] -- Up-to-date symlink: /home/lenovo/temp_ws/install/moveit_resources_panda_description/share/moveit_resources_panda_description/meshes/visual/link1.dae
[0.278s] -- Up-to-date symlink: /home/lenovo/temp_ws/install/moveit_resources_panda_description/share/moveit_resources_panda_description/meshes/visual/link2.dae
[0.279s] -- Up-to-date symlink: /home/lenovo/temp_ws/install/moveit_resources_panda_description/share/moveit_resources_panda_description/meshes/visual/link3.dae
[0.279s] -- Up-to-date symlink: /home/lenovo/temp_ws/install/moveit_resources_panda_description/share/moveit_resources_panda_description/meshes/visual/link4.dae
[0.280s] -- Up-to-date symlink: /home/lenovo/temp_ws/install/moveit_resources_panda_description/share/moveit_resources_panda_description/meshes/visual/link5.dae
[0.281s] -- Up-to-date symlink: /home/lenovo/temp_ws/install/moveit_resources_panda_description/share/moveit_resources_panda_description/meshes/visual/link6.dae
[0.281s] -- Up-to-date symlink: /home/lenovo/temp_ws/install/moveit_resources_panda_description/share/moveit_resources_panda_description/meshes/visual/link7.dae
[0.282s] -- Up-to-date symlink: /home/lenovo/temp_ws/install/moveit_resources_panda_description/share/ament_index/resource_index/package_run_dependencies/moveit_resources_panda_description
[0.282s] -- Up-to-date symlink: /home/lenovo/temp_ws/install/moveit_resources_panda_description/share/ament_index/resource_index/parent_prefix_path/moveit_resources_panda_description
[0.283s] -- Symlinking: /home/lenovo/temp_ws/install/moveit_resources_panda_description/share/moveit_resources_panda_description/environment/ament_prefix_path.sh
[0.302s] -- Symlinking: /home/lenovo/temp_ws/install/moveit_resources_panda_description/share/moveit_resources_panda_description/environment/ament_prefix_path.dsv
[0.321s] -- Symlinking: /home/lenovo/temp_ws/install/moveit_resources_panda_description/share/moveit_resources_panda_description/environment/path.sh
[0.340s] -- Symlinking: /home/lenovo/temp_ws/install/moveit_resources_panda_description/share/moveit_resources_panda_description/environment/path.dsv
[0.359s] -- Up-to-date symlink: /home/lenovo/temp_ws/install/moveit_resources_panda_description/share/moveit_resources_panda_description/local_setup.bash
[0.359s] -- Up-to-date symlink: /home/lenovo/temp_ws/install/moveit_resources_panda_description/share/moveit_resources_panda_description/local_setup.sh
[0.360s] -- Up-to-date symlink: /home/lenovo/temp_ws/install/moveit_resources_panda_description/share/moveit_resources_panda_description/local_setup.zsh
[0.360s] -- Up-to-date symlink: /home/lenovo/temp_ws/install/moveit_resources_panda_description/share/moveit_resources_panda_description/local_setup.dsv
[0.361s] -- Symlinking: /home/lenovo/temp_ws/install/moveit_resources_panda_description/share/moveit_resources_panda_description/package.dsv
[0.380s] -- Up-to-date symlink: /home/lenovo/temp_ws/install/moveit_resources_panda_description/share/ament_index/resource_index/packages/moveit_resources_panda_description
[0.381s] -- Symlinking: /home/lenovo/temp_ws/install/moveit_resources_panda_description/share/moveit_resources_panda_description/cmake/moveit_resources_panda_descriptionConfig.cmake
[0.397s] -- Symlinking: /home/lenovo/temp_ws/install/moveit_resources_panda_description/share/moveit_resources_panda_description/cmake/moveit_resources_panda_descriptionConfig-version.cmake
[0.420s] -- Up-to-date symlink: /home/lenovo/temp_ws/install/moveit_resources_panda_description/share/moveit_resources_panda_description/package.xml
[0.427s] Invoked command in '/home/lenovo/temp_ws/build/moveit_resources_panda_description' returned '0': CMAKE_PREFIX_PATH=${CMAKE_PREFIX_PATH}:/opt/ros/humble /usr/bin/cmake --install /home/lenovo/temp_ws/build/moveit_resources_panda_description
